SMACK program verifier version 2.6.3
We are now translating the program to boogie...
 Analyzing globals...
 Analyzing functions...
 Analyzing function: main
 -------INSERT: Global Variables main
 Analyzing function body: main
 Generating body for main
 visitBasicBlock
 visitCall
 smackrep call
 visitCast
 visitCast not vector
 visitDbgValue
 visitCmp
 visitBranch
 visitBasicBlock
 visitCast
 visitCast not vector
 visitCall
 smackrep call
 visitBranch
 visitBasicBlock
 visitReturn
 
 insert initial SH to main
 Finished analyzing function: main
 
 Analyzing function: llvm.dbg.declare
 -------INSERT: Global Variables llvm.dbg.declare
 Analyzing function: malloc
 -------INSERT: Global Variables malloc
 Analyzing function: free_
 -------INSERT: Global Variables free_
 Analyzing function: llvm.dbg.value
 -------INSERT: Global Variables llvm.dbg.value
 Analyzing function: __SMACK_static_init
 -------INSERT: Global Variables __SMACK_static_init
 Analyzing function body: __SMACK_static_init
 Generating body for __SMACK_static_init
 visitBasicBlock
 visitReturn
 
 Finished analyzing function: __SMACK_static_init
 
 Start Analyzing Prelude: main
 
 Start Analyzing Prelude: llvm.dbg.declare
 
 Start Analyzing Prelude: malloc
 
 Start Analyzing Prelude: free_
 
 Start Analyzing Prelude: llvm.dbg.value
 
 Start Analyzing Prelude: __SMACK_static_init
 
 Start Analyzing Prelude: boogie_si_record_ref
 
 Start Analyzing Prelude: $initialize
 
 SMACK generated ../testcases/printtest/test1.bpl
